<?xml version="1.0" encoding="UTF-8"?>
<!-- Generated by org.testng.reporters.JUnitReportReporter -->
<testsuite skipped="0" hostname="W104SRSPV2" name="com.dell.WebServiceTestScenario.TC008_Sc008_DDTTest_CreateNewEmp" tests="3" failures="0" timestamp="10 May 2020 13:50:27 GMT" time="6.627" errors="0">
  <testcase name="addNewEmp" time="4.890" classname="com.dell.WebServiceTestScenario.TC008_Sc008_DDTTest_CreateNewEmp"/>
  <testcase name="addNewEmp" time="0.873" classname="com.dell.WebServiceTestScenario.TC008_Sc008_DDTTest_CreateNewEmp"/>
  <testcase name="addNewEmp" time="0.864" classname="com.dell.WebServiceTestScenario.TC008_Sc008_DDTTest_CreateNewEmp"/>
</testsuite> <!-- com.dell.WebServiceTestScenario.TC008_Sc008_DDTTest_CreateNewEmp -->
