<?xml version="1.0" encoding="UTF-8"?>
<!-- Generated by org.testng.reporters.JUnitReportReporter -->
<testsuite skipped="0" hostname="W104SRSPV2" name="com.dell.WebServiceTestScenario.TC002_SC002_VerifyResponseBody" tests="1" failures="0" timestamp="02 May 2020 06:20:42 GMT" time="3.314" errors="0">
  <testcase name="verify_RegisterCustomer" time="3.314" classname="com.dell.WebServiceTestScenario.TC002_SC002_VerifyResponseBody"/>
</testsuite> <!-- com.dell.WebServiceTestScenario.TC002_SC002_VerifyResponseBody -->
