<?xml version="1.0" encoding="UTF-8"?>
<!-- Generated by org.testng.reporters.JUnitReportReporter -->
<testsuite skipped="0" hostname="W104SRSPV2" name="com.dell.WebServiceTestScenario.TC003_SC003_Verify_Header" tests="1" failures="0" timestamp="02 May 2020 07:52:56 GMT" time="2.252" errors="0">
  <testcase name="getListOfSuperMarket" time="2.252" classname="com.dell.WebServiceTestScenario.TC003_SC003_Verify_Header"/>
</testsuite> <!-- com.dell.WebServiceTestScenario.TC003_SC003_Verify_Header -->
