<?xml version="1.0" encoding="UTF-8"?>
<!-- Generated by org.testng.reporters.JUnitReportReporter -->
<testsuite skipped="0" hostname="W104SRSPV2" name="com.dell.WebServiceTestScenario.TC006_SC006_ExtractvalueFromEachNodeFrom_RespBody" tests="1" failures="0" timestamp="10 May 2020 04:47:06 GMT" time="3.251" errors="0">
  <testcase name="extractEachNodeDataFrom_RespBody" time="3.251" classname="com.dell.WebServiceTestScenario.TC006_SC006_ExtractvalueFromEachNodeFrom_RespBody"/>
</testsuite> <!-- com.dell.WebServiceTestScenario.TC006_SC006_ExtractvalueFromEachNodeFrom_RespBody -->
