<?xml version="1.0" encoding="UTF-8"?>
<!-- Generated by org.testng.reporters.JUnitReportReporter -->
<testsuite skipped="0" hostname="W104SRSPV2" name="com.dell.WebServiceTestScenario.TC005_SC005_Validate_JSONResponseBody" tests="1" failures="0" timestamp="10 May 2020 04:00:05 GMT" time="3.207" errors="0">
  <testcase name="verify_JSONResponseBody" time="3.207" classname="com.dell.WebServiceTestScenario.TC005_SC005_Validate_JSONResponseBody"/>
</testsuite> <!-- com.dell.WebServiceTestScenario.TC005_SC005_Validate_JSONResponseBody -->
