<?xml version="1.0" encoding="UTF-8"?>
<!-- Generated by org.testng.reporters.JUnitReportReporter -->
<testsuite skipped="0" hostname="W104SRSPV2" name="com.dell.WebServiceTestScenario.TC007_SC007_AuthenticationAPI" tests="1" failures="0" timestamp="10 May 2020 06:04:58 GMT" time="2.991" errors="0">
  <testcase name="verify_authenticationAPI" time="2.991" classname="com.dell.WebServiceTestScenario.TC007_SC007_AuthenticationAPI"/>
</testsuite> <!-- com.dell.WebServiceTestScenario.TC007_SC007_AuthenticationAPI -->
