<?xml version="1.0" encoding="UTF-8"?>
<!-- Generated by org.testng.reporters.JUnitReportReporter -->
<testsuite skipped="0" hostname="W104SRSPV2" name="com.dell.WebServiceTestScenario.TC004_SC004_Print_AllResponseHeader" tests="1" failures="0" timestamp="02 May 2020 12:39:12 GMT" time="2.998" errors="0">
  <testcase name="printAllResponseHeader" time="2.998" classname="com.dell.WebServiceTestScenario.TC004_SC004_Print_AllResponseHeader"/>
</testsuite> <!-- com.dell.WebServiceTestScenario.TC004_SC004_Print_AllResponseHeader -->
