<?xml version="1.0" encoding="UTF-8"?>
<!-- Generated by org.testng.reporters.JUnitReportReporter -->
<testsuite skipped="0" hostname="W104SRSPV2" name="com.test.WebServiceTestScenario.TC009_Sc009_Get_All_EmployessData" tests="3" failures="0" timestamp="31 May 2020 09:42:55 GMT" time="0.034" errors="0">
  <testcase name="verify_ResponseCode" time="0.006" classname="com.test.WebServiceTestScenario.TC009_Sc009_Get_All_EmployessData"/>
  <testcase name="verify_responseBody" time="0.027" classname="com.test.WebServiceTestScenario.TC009_Sc009_Get_All_EmployessData"/>
  <testcase name="verify_responsetime" time="0.001" classname="com.test.WebServiceTestScenario.TC009_Sc009_Get_All_EmployessData"/>
</testsuite> <!-- com.test.WebServiceTestScenario.TC009_Sc009_Get_All_EmployessData -->
