<?xml version="1.0" encoding="UTF-8"?>
<!-- Generated by org.testng.reporters.JUnitReportReporter -->
<testsuite skipped="0" hostname="W104SRSPV2" name="com.dell.WebServiceTestScenario.TC002_VerifyStatusCode_StatusLine" tests="1" failures="0" timestamp="02 May 2020 04:30:58 GMT" time="2.546" errors="0">
  <testcase name="verify_StatusCode_StatusLine" time="2.546" classname="com.dell.WebServiceTestScenario.TC002_VerifyStatusCode_StatusLine"/>
</testsuite> <!-- com.dell.WebServiceTestScenario.TC002_VerifyStatusCode_StatusLine -->
